2014/08/28 23:21:53 [error] [exception.CHttpException.404] exception 'CHttpException' with message 'Unable to resolve the request "index".' in D:\xampp\htdocs\yii\framework\web\CWebApplication.php:286
Stack trace:
#0 D:\xampp\htdocs\yii\framework\web\CWebApplication.php(141): CWebApplication->runController('index')
#1 D:\xampp\htdocs\yii\framework\base\CApplication.php(180): CWebApplication->processRequest()
#2 D:\xampp\htdocs\FrameworkYii\tienda1\index.php(13): CApplication->run()
#3 {main}
REQUEST_URI=/FrameworkYii/tienda1/index.php?r=index
---
2014/08/29 00:37:13 [error] [exception.CHttpException.404] exception 'CHttpException' with message 'Unable to resolve the request "create".' in D:\xampp\htdocs\yii\framework\web\CWebApplication.php:286
Stack trace:
#0 D:\xampp\htdocs\yii\framework\web\CWebApplication.php(141): CWebApplication->runController('create')
#1 D:\xampp\htdocs\yii\framework\base\CApplication.php(180): CWebApplication->processRequest()
#2 D:\xampp\htdocs\FrameworkYii\tienda1\index.php(13): CApplication->run()
#3 {main}
REQUEST_URI=/FrameworkYii/tienda1/index.php?r=create
---
2014/08/29 00:37:55 [error] [exception.CHttpException.404] exception 'CHttpException' with message 'Unable to resolve the request "usaurio/create".' in D:\xampp\htdocs\yii\framework\web\CWebApplication.php:286
Stack trace:
#0 D:\xampp\htdocs\yii\framework\web\CWebApplication.php(141): CWebApplication->runController('usaurio/create')
#1 D:\xampp\htdocs\yii\framework\base\CApplication.php(180): CWebApplication->processRequest()
#2 D:\xampp\htdocs\FrameworkYii\tienda1\index.php(13): CApplication->run()
#3 {main}
REQUEST_URI=/FrameworkYii/tienda1/index.php?r=usaurio/create
---
2014/08/29 01:01:01 [error] [system.db.CDbCommand] CDbCommand::execute() failed: SQLSTATE[23000]: Integrity constraint violation: 1452 Cannot add or update a child row: a foreign key constraint fails (`tienda1`.`producto`, CONSTRAINT `id_empresa` FOREIGN KEY (`id_empresa`) REFERENCES `empresa` (`id_empresa`) ON DELETE NO ACTION ON UPDATE NO ACTION). The SQL statement executed was: INSERT INTO `producto` (`nombre_producto`, `codigo_producto`, `stock_producto`, `precio_producto`, `id_empresa`, `id_tipoproducto`) VALUES (:yp0, :yp1, :yp2, :yp3, :yp4, :yp5).
in D:\xampp\htdocs\FrameworkYii\tienda1\protected\controllers\ProductoController.php (73)
in D:\xampp\htdocs\FrameworkYii\tienda1\index.php (13)
2014/08/29 01:01:01 [error] [exception.CDbException] exception 'CDbException' with message 'CDbCommand failed to execute the SQL statement: SQLSTATE[23000]: Integrity constraint violation: 1452 Cannot add or update a child row: a foreign key constraint fails (`tienda1`.`producto`, CONSTRAINT `id_empresa` FOREIGN KEY (`id_empresa`) REFERENCES `empresa` (`id_empresa`) ON DELETE NO ACTION ON UPDATE NO ACTION). The SQL statement executed was: INSERT INTO `producto` (`nombre_producto`, `codigo_producto`, `stock_producto`, `precio_producto`, `id_empresa`, `id_tipoproducto`) VALUES (:yp0, :yp1, :yp2, :yp3, :yp4, :yp5)' in D:\xampp\htdocs\yii\framework\db\CDbCommand.php:358
Stack trace:
#0 D:\xampp\htdocs\yii\framework\db\ar\CActiveRecord.php(1077): CDbCommand->execute()
#1 D:\xampp\htdocs\yii\framework\db\ar\CActiveRecord.php(806): CActiveRecord->insert(NULL)
#2 D:\xampp\htdocs\FrameworkYii\tienda1\protected\controllers\ProductoController.php(73): CActiveRecord->save()
#3 D:\xampp\htdocs\yii\framework\web\actions\CInlineAction.php(49): ProductoController->actionCreate()
#4 D:\xampp\htdocs\yii\framework\web\CController.php(308): CInlineAction->runWithParams(Array)
#5 D:\xampp\htdocs\yii\framework\web\filters\CFilterChain.php(133): CController->runAction(Object(CInlineAction))
#6 D:\xampp\htdocs\yii\framework\web\filters\CFilter.php(40): CFilterChain->run()
#7 D:\xampp\htdocs\yii\framework\web\CController.php(1145): CFilter->filter(Object(CFilterChain))
#8 D:\xampp\htdocs\yii\framework\web\filters\CInlineFilter.php(58): CController->filterAccessControl(Object(CFilterChain))
#9 D:\xampp\htdocs\yii\framework\web\filters\CFilterChain.php(130): CInlineFilter->filter(Object(CFilterChain))
#10 D:\xampp\htdocs\yii\framework\web\CController.php(291): CFilterChain->run()
#11 D:\xampp\htdocs\yii\framework\web\CController.php(265): CController->runActionWithFilters(Object(CInlineAction), Array)
#12 D:\xampp\htdocs\yii\framework\web\CWebApplication.php(282): CController->run('create')
#13 D:\xampp\htdocs\yii\framework\web\CWebApplication.php(141): CWebApplication->runController('producto/create')
#14 D:\xampp\htdocs\yii\framework\base\CApplication.php(180): CWebApplication->processRequest()
#15 D:\xampp\htdocs\FrameworkYii\tienda1\index.php(13): CApplication->run()
#16 {main}
REQUEST_URI=/FrameworkYii/tienda1/index.php?r=producto/create
HTTP_REFERER=http://localhost/FrameworkYii/tienda1/index.php?r=producto/create
---
2014/08/29 21:03:48 [error] [exception.CDbException] exception 'CDbException' with message 'CDbConnection failed to open the DB connection: SQLSTATE[HY000] [2002] No se puede establecer una conexión ya que el equipo de destino denegó expresamente dicha conexión.
' in D:\xampp\htdocs\yii\framework\db\CDbConnection.php:382
Stack trace:
#0 D:\xampp\htdocs\yii\framework\db\CDbConnection.php(330): CDbConnection->open()
#1 D:\xampp\htdocs\yii\framework\db\CDbConnection.php(308): CDbConnection->setActive(true)
#2 D:\xampp\htdocs\yii\framework\base\CModule.php(387): CDbConnection->init()
#3 D:\xampp\htdocs\yii\framework\base\CApplication.php(450): CModule->getComponent('db')
#4 D:\xampp\htdocs\yii\framework\db\ar\CActiveRecord.php(634): CApplication->getDb()
#5 D:\xampp\htdocs\yii\framework\db\ar\CActiveRecord.php(2361): CActiveRecord->getDbConnection()
#6 D:\xampp\htdocs\yii\framework\db\ar\CActiveRecord.php(411): CActiveRecordMetaData->__construct(Object(Proveedor))
#7 D:\xampp\htdocs\yii\framework\db\ar\CActiveRecord.php(79): CActiveRecord->getMetaData()
#8 D:\xampp\htdocs\FrameworkYii\tienda1\protected\controllers\ProveedorController.php(136): CActiveRecord->__construct('search')
#9 D:\xampp\htdocs\yii\framework\web\actions\CInlineAction.php(49): ProveedorController->actionAdmin()
#10 D:\xampp\htdocs\yii\framework\web\CController.php(308): CInlineAction->runWithParams(Array)
#11 D:\xampp\htdocs\yii\framework\web\filters\CFilterChain.php(133): CController->runAction(Object(CInlineAction))
#12 D:\xampp\htdocs\yii\framework\web\filters\CFilter.php(40): CFilterChain->run()
#13 D:\xampp\htdocs\yii\framework\web\CController.php(1145): CFilter->filter(Object(CFilterChain))
#14 D:\xampp\htdocs\yii\framework\web\filters\CInlineFilter.php(58): CController->filterAccessControl(Object(CFilterChain))
#15 D:\xampp\htdocs\yii\framework\web\filters\CFilterChain.php(130): CInlineFilter->filter(Object(CFilterChain))
#16 D:\xampp\htdocs\yii\framework\web\CController.php(291): CFilterChain->run()
#17 D:\xampp\htdocs\yii\framework\web\CController.php(265): CController->runActionWithFilters(Object(CInlineAction), Array)
#18 D:\xampp\htdocs\yii\framework\web\CWebApplication.php(282): CController->run('admin')
#19 D:\xampp\htdocs\yii\framework\web\CWebApplication.php(141): CWebApplication->runController('proveedor/admin')
#20 D:\xampp\htdocs\yii\framework\base\CApplication.php(180): CWebApplication->processRequest()
#21 D:\xampp\htdocs\FrameworkYii\tienda1\index.php(13): CApplication->run()
#22 {main}
REQUEST_URI=/FrameworkYii/tienda1/index.php?r=proveedor/admin
HTTP_REFERER=http://localhost/FrameworkYii/tienda1/index.php?r=site/login
---
2014/08/29 23:02:16 [error] [php] Missing argument 3 for CActiveForm::dropDownList(), called in D:\xampp\htdocs\FrameworkYii\tienda1\protected\views\cliente\_form.php on line 42 and defined (D:\xampp\htdocs\yii\framework\web\widgets\CActiveForm.php:845)
Stack trace:
#0 D:\xampp\htdocs\yii\framework\web\CBaseController.php(95): ClienteController->renderInternal()
#1 D:\xampp\htdocs\yii\framework\web\CController.php(869): ClienteController->renderFile()
#2 D:\xampp\htdocs\FrameworkYii\tienda1\protected\views\cliente\create.php(18): ClienteController->renderPartial()
#3 D:\xampp\htdocs\yii\framework\web\CBaseController.php(126): require()
#4 D:\xampp\htdocs\yii\framework\web\CBaseController.php(95): ClienteController->renderInternal()
#5 D:\xampp\htdocs\yii\framework\web\CController.php(869): ClienteController->renderFile()
#6 D:\xampp\htdocs\yii\framework\web\CController.php(782): ClienteController->renderPartial()
#7 D:\xampp\htdocs\FrameworkYii\tienda1\protected\controllers\ClienteController.php(79): ClienteController->render()
#8 D:\xampp\htdocs\yii\framework\web\actions\CInlineAction.php(49): ClienteController->actionCreate()
#9 D:\xampp\htdocs\yii\framework\web\CController.php(308): CInlineAction->runWithParams()
#10 D:\xampp\htdocs\yii\framework\web\filters\CFilterChain.php(133): ClienteController->runAction()
#11 D:\xampp\htdocs\yii\framework\web\filters\CFilter.php(40): CFilterChain->run()
#12 D:\xampp\htdocs\yii\framework\web\CController.php(1145): CAccessControlFilter->filter()
#13 D:\xampp\htdocs\yii\framework\web\filters\CInlineFilter.php(58): ClienteController->filterAccessControl()
#14 D:\xampp\htdocs\yii\framework\web\filters\CFilterChain.php(130): CInlineFilter->filter()
#15 D:\xampp\htdocs\yii\framework\web\CController.php(291): CFilterChain->run()
#16 D:\xampp\htdocs\yii\framework\web\CController.php(265): ClienteController->runActionWithFilters()
#17 D:\xampp\htdocs\yii\framework\web\CWebApplication.php(282): ClienteController->run()
#18 D:\xampp\htdocs\yii\framework\web\CWebApplication.php(141): CWebApplication->runController()
#19 D:\xampp\htdocs\yii\framework\base\CApplication.php(180): CWebApplication->processRequest()
#20 D:\xampp\htdocs\FrameworkYii\tienda1\index.php(13): CWebApplication->run()
REQUEST_URI=/FrameworkYii/tienda1/index.php?r=cliente/create
in D:\xampp\htdocs\FrameworkYii\tienda1\protected\views\cliente\_form.php (42)
in D:\xampp\htdocs\FrameworkYii\tienda1\protected\views\cliente\create.php (18)
in D:\xampp\htdocs\FrameworkYii\tienda1\protected\controllers\ClienteController.php (79)
2014/08/29 23:13:35 [error] [php] Object of class TipoCliente could not be converted to string (D:\xampp\htdocs\yii\framework\web\helpers\CHtml.php:2343)
Stack trace:
#0 D:\xampp\htdocs\FrameworkYii\tienda1\protected\views\cliente\_form.php(42): CActiveForm->dropDownList()
#1 D:\xampp\htdocs\yii\framework\web\CBaseController.php(126): require()
#2 D:\xampp\htdocs\yii\framework\web\CBaseController.php(95): ClienteController->renderInternal()
#3 D:\xampp\htdocs\yii\framework\web\CController.php(869): ClienteController->renderFile()
#4 D:\xampp\htdocs\FrameworkYii\tienda1\protected\views\cliente\create.php(18): ClienteController->renderPartial()
#5 D:\xampp\htdocs\yii\framework\web\CBaseController.php(126): require()
#6 D:\xampp\htdocs\yii\framework\web\CBaseController.php(95): ClienteController->renderInternal()
#7 D:\xampp\htdocs\yii\framework\web\CController.php(869): ClienteController->renderFile()
#8 D:\xampp\htdocs\yii\framework\web\CController.php(782): ClienteController->renderPartial()
#9 D:\xampp\htdocs\FrameworkYii\tienda1\protected\controllers\ClienteController.php(79): ClienteController->render()
#10 D:\xampp\htdocs\yii\framework\web\actions\CInlineAction.php(49): ClienteController->actionCreate()
#11 D:\xampp\htdocs\yii\framework\web\CController.php(308): CInlineAction->runWithParams()
#12 D:\xampp\htdocs\yii\framework\web\filters\CFilterChain.php(133): ClienteController->runAction()
#13 D:\xampp\htdocs\yii\framework\web\filters\CFilter.php(40): CFilterChain->run()
#14 D:\xampp\htdocs\yii\framework\web\CController.php(1145): CAccessControlFilter->filter()
#15 D:\xampp\htdocs\yii\framework\web\filters\CInlineFilter.php(58): ClienteController->filterAccessControl()
#16 D:\xampp\htdocs\yii\framework\web\filters\CFilterChain.php(130): CInlineFilter->filter()
#17 D:\xampp\htdocs\yii\framework\web\CController.php(291): CFilterChain->run()
#18 D:\xampp\htdocs\yii\framework\web\CController.php(265): ClienteController->runActionWithFilters()
#19 D:\xampp\htdocs\yii\framework\web\CWebApplication.php(282): ClienteController->run()
#20 D:\xampp\htdocs\yii\framework\web\CWebApplication.php(141): CWebApplication->runController()
#21 D:\xampp\htdocs\yii\framework\base\CApplication.php(180): CWebApplication->processRequest()
#22 D:\xampp\htdocs\FrameworkYii\tienda1\index.php(13): CWebApplication->run()
REQUEST_URI=/FrameworkYii/tienda1/index.php?r=cliente/create
in D:\xampp\htdocs\FrameworkYii\tienda1\protected\views\cliente\_form.php (42)
in D:\xampp\htdocs\FrameworkYii\tienda1\protected\views\cliente\create.php (18)
in D:\xampp\htdocs\FrameworkYii\tienda1\protected\controllers\ClienteController.php (79)
2014/08/30 00:24:12 [error] [php] include(direccion_cliente.php): failed to open stream: No such file or directory (D:\xampp\htdocs\yii\framework\YiiBase.php:427)
Stack trace:
#0 D:\xampp\htdocs\yii\framework\validators\CValidator.php(186): import()
#1 D:\xampp\htdocs\yii\framework\base\CModel.php(287): createValidator()
#2 D:\xampp\htdocs\yii\framework\base\CModel.php(260): Cliente->createValidators()
#3 D:\xampp\htdocs\yii\framework\base\CModel.php(304): Cliente->getValidators()
#4 D:\xampp\htdocs\yii\framework\web\helpers\CHtml.php(1414): Cliente->isAttributeRequired()
#5 D:\xampp\htdocs\yii\framework\web\widgets\CActiveForm.php(597): activeLabelEx()
#6 D:\xampp\htdocs\FrameworkYii\tienda1\protected\views\cliente\_form.php(23): CActiveForm->labelEx()
#7 D:\xampp\htdocs\yii\framework\web\CBaseController.php(126): require()
#8 D:\xampp\htdocs\yii\framework\web\CBaseController.php(95): ClienteController->renderInternal()
#9 D:\xampp\htdocs\yii\framework\web\CController.php(869): ClienteController->renderFile()
#10 D:\xampp\htdocs\FrameworkYii\tienda1\protected\views\cliente\create.php(18): ClienteController->renderPartial()
#11 D:\xampp\htdocs\yii\framework\web\CBaseController.php(126): require()
#12 D:\xampp\htdocs\yii\framework\web\CBaseController.php(95): ClienteController->renderInternal()
#13 D:\xampp\htdocs\yii\framework\web\CController.php(869): ClienteController->renderFile()
#14 D:\xampp\htdocs\yii\framework\web\CController.php(782): ClienteController->renderPartial()
#15 D:\xampp\htdocs\FrameworkYii\tienda1\protected\controllers\ClienteController.php(79): ClienteController->render()
#16 D:\xampp\htdocs\yii\framework\web\actions\CInlineAction.php(49): ClienteController->actionCreate()
#17 D:\xampp\htdocs\yii\framework\web\CController.php(308): CInlineAction->runWithParams()
#18 D:\xampp\htdocs\yii\framework\web\filters\CFilterChain.php(133): ClienteController->runAction()
#19 D:\xampp\htdocs\yii\framework\web\filters\CFilter.php(40): CFilterChain->run()
#20 D:\xampp\htdocs\yii\framework\web\CController.php(1145): CAccessControlFilter->filter()
#21 D:\xampp\htdocs\yii\framework\web\filters\CInlineFilter.php(58): ClienteController->filterAccessControl()
#22 D:\xampp\htdocs\yii\framework\web\filters\CFilterChain.php(130): CInlineFilter->filter()
#23 D:\xampp\htdocs\yii\framework\web\CController.php(291): CFilterChain->run()
#24 D:\xampp\htdocs\yii\framework\web\CController.php(265): ClienteController->runActionWithFilters()
#25 D:\xampp\htdocs\yii\framework\web\CWebApplication.php(282): ClienteController->run()
#26 D:\xampp\htdocs\yii\framework\web\CWebApplication.php(141): CWebApplication->runController()
#27 D:\xampp\htdocs\yii\framework\base\CApplication.php(180): CWebApplication->processRequest()
#28 D:\xampp\htdocs\FrameworkYii\tienda1\index.php(13): CWebApplication->run()
REQUEST_URI=/FrameworkYii/tienda1/index.php?r=cliente/create
in D:\xampp\htdocs\FrameworkYii\tienda1\protected\views\cliente\_form.php (23)
in D:\xampp\htdocs\FrameworkYii\tienda1\protected\views\cliente\create.php (18)
in D:\xampp\htdocs\FrameworkYii\tienda1\protected\controllers\ClienteController.php (79)
2014/08/30 00:27:18 [error] [exception.CException] exception 'CException' with message 'Cliente has an invalid validation rule. The rule must specify attributes to be validated and the validator name.' in D:\xampp\htdocs\yii\framework\base\CModel.php:289
Stack trace:
#0 D:\xampp\htdocs\yii\framework\base\CModel.php(260): CModel->createValidators()
#1 D:\xampp\htdocs\yii\framework\base\CModel.php(304): CModel->getValidators('nombre_cliente')
#2 D:\xampp\htdocs\yii\framework\web\helpers\CHtml.php(1414): CModel->isAttributeRequired('nombre_cliente')
#3 D:\xampp\htdocs\yii\framework\web\widgets\CActiveForm.php(597): CHtml::activeLabelEx(Object(Cliente), 'nombre_cliente', Array)
#4 D:\xampp\htdocs\FrameworkYii\tienda1\protected\views\cliente\_form.php(23): CActiveForm->labelEx(Object(Cliente), 'nombre_cliente')
#5 D:\xampp\htdocs\yii\framework\web\CBaseController.php(126): require('D:\\xampp\\htdocs...')
#6 D:\xampp\htdocs\yii\framework\web\CBaseController.php(95): CBaseController->renderInternal('D:\\xampp\\htdocs...', Array, true)
#7 D:\xampp\htdocs\yii\framework\web\CController.php(869): CBaseController->renderFile('D:\\xampp\\htdocs...', Array, true)
#8 D:\xampp\htdocs\FrameworkYii\tienda1\protected\views\cliente\create.php(18): CController->renderPartial('_form', Array)
#9 D:\xampp\htdocs\yii\framework\web\CBaseController.php(126): require('D:\\xampp\\htdocs...')
#10 D:\xampp\htdocs\yii\framework\web\CBaseController.php(95): CBaseController->renderInternal('D:\\xampp\\htdocs...', Array, true)
#11 D:\xampp\htdocs\yii\framework\web\CController.php(869): CBaseController->renderFile('D:\\xampp\\htdocs...', Array, true)
#12 D:\xampp\htdocs\yii\framework\web\CController.php(782): CController->renderPartial('create', Array, true)
#13 D:\xampp\htdocs\FrameworkYii\tienda1\protected\controllers\ClienteController.php(79): CController->render('create', Array)
#14 D:\xampp\htdocs\yii\framework\web\actions\CInlineAction.php(49): ClienteController->actionCreate()
#15 D:\xampp\htdocs\yii\framework\web\CController.php(308): CInlineAction->runWithParams(Array)
#16 D:\xampp\htdocs\yii\framework\web\filters\CFilterChain.php(133): CController->runAction(Object(CInlineAction))
#17 D:\xampp\htdocs\yii\framework\web\filters\CFilter.php(40): CFilterChain->run()
#18 D:\xampp\htdocs\yii\framework\web\CController.php(1145): CFilter->filter(Object(CFilterChain))
#19 D:\xampp\htdocs\yii\framework\web\filters\CInlineFilter.php(58): CController->filterAccessControl(Object(CFilterChain))
#20 D:\xampp\htdocs\yii\framework\web\filters\CFilterChain.php(130): CInlineFilter->filter(Object(CFilterChain))
#21 D:\xampp\htdocs\yii\framework\web\CController.php(291): CFilterChain->run()
#22 D:\xampp\htdocs\yii\framework\web\CController.php(265): CController->runActionWithFilters(Object(CInlineAction), Array)
#23 D:\xampp\htdocs\yii\framework\web\CWebApplication.php(282): CController->run('create')
#24 D:\xampp\htdocs\yii\framework\web\CWebApplication.php(141): CWebApplication->runController('cliente/create')
#25 D:\xampp\htdocs\yii\framework\base\CApplication.php(180): CWebApplication->processRequest()
#26 D:\xampp\htdocs\FrameworkYii\tienda1\index.php(13): CApplication->run()
#27 {main}
REQUEST_URI=/FrameworkYii/tienda1/index.php?r=cliente/create
HTTP_REFERER=http://localhost/FrameworkYii/tienda1/index.php?r=cliente/admin
---
